<?xml version="1.0" encoding="UTF-8"?>
<testsuite xmlns:xsi="http://www.w3.org/2001/XMLSchema-instance" xsi:noNamespaceSchemaLocation="https://maven.apache.org/surefire/maven-surefire-plugin/xsd/surefire-test-report.xsd" name="GuessTest" time="0.082" tests="19" errors="0" skipped="0" failures="0">
  <properties>
[...]
</properties>
  <testcase name="getServerName" classname="GuessTest" time="0.009"/>
  <testcase name="testCategory1" classname="GuessTest" time="0"/>
  <testcase name="testCategory2" classname="GuessTest" time="0"/>
  <testcase name="testCategory3" classname="GuessTest" time="0"/>
  <testcase name="testincorrectGuess" classname="GuessTest" time="0.001"/>
  <testcase name="testPlayAgain" classname="GuessTest" time="0.001"/>
  <testcase name="getClintThreadName" classname="GuessTest" time="0.001"/>
  <testcase name="testGuess" classname="GuessTest" time="0.001"/>
  <testcase name="testCorrectGuess" classname="GuessTest" time="0.001"/>
  <testcase name="testQuitGame" classname="GuessTest" time="0"/>
  <testcase name="wordBankResetTest" classname="GuessTest" time="0"/>
  <testcase name="testWordLength1" classname="GuessTest" time="0"/>
  <testcase name="testWordLength2" classname="GuessTest" time="0"/>
  <testcase name="testWordLength3" classname="GuessTest" time="0"/>
  <testcase name="correctIndexes{int}[1]" classname="GuessTest" time="0.016"/>
  <testcase name="correctIndexes{int}[2]" classname="GuessTest" time="0.001"/>
  <testcase name="correctIndexes{int}[3]" classname="GuessTest" time="0"/>
  <testcase name="correctIndexes{int}[4]" classname="GuessTest" time="0.001"/>
  <testcase name="portTest" classname="GuessTest" time="0"/>
</testsuite>